objc[16603]: Class AXEmojiUtilities is implemented in both /Applications/Xcode.app/Contents/Developer/Platforms/iPhoneSimulator.platform/Developer/SDKs/iPhoneSimulator7.1.sdk/System/Library/PrivateFrameworks/AccessibilityUtilities.framework/AccessibilityUtilities and /Applications/Xcode.app/Contents/Developer/Platforms/iPhoneSimulator.platform/Developer/SDKs/iPhoneSimulator7.1.sdk/usr/lib/libAXSpeechManager.dylib. One of the two will be used. Which one is undefined.
2014-05-22 20:52:47.952 HelloCordova[16603:70b] Cannot find executable for CFBundle 0xa458650 </Applications/Xcode.app/Contents/Developer/Platforms/iPhoneSimulator.platform/Developer/SDKs/iPhoneSimulator7.1.sdk/System/Library/AccessibilityBundles/GeoServices.axbundle> (not loaded)
2014-05-22 20:52:47.961 HelloCordova[16603:70b] Cannot find executable for CFBundle 0xa277850 </Applications/Xcode.app/Contents/Developer/Platforms/iPhoneSimulator.platform/Developer/SDKs/iPhoneSimulator7.1.sdk/System/Library/AccessibilityBundles/CertUIFramework.axbundle> (not loaded)
2014-05-22 20:52:48.863 HelloCordova[16603:70b] Multi-tasking -> Device: YES, App: YES
2014-05-22 20:52:49.705 HelloCordova[16603:70b] Unlimited access to network resources
2014-05-22 20:52:51.129 HelloCordova[16603:70b] CDVPlugin class CDVStatusBar (pluginName: statusbar) does not exist.
2014-05-22 20:52:51.130 HelloCordova[16603:70b] [CDVTimer][statusbar] 0.918031ms
2014-05-22 20:52:51.155 HelloCordova[16603:70b] [CDVTimer][keyboard] 25.179982ms
2014-05-22 20:52:51.156 HelloCordova[16603:70b] [CDVTimer][TotalPluginStartup] 27.482033ms
2014-05-22 20:52:52.069 HelloCordova[16603:70b] Resetting plugins due to page load.
2014-05-22 20:52:57.474 HelloCordova[16603:70b] Finished load of: file:///Users/arifulhaque/Library/Application%20Support/iPhone%20Simulator/7.1/Applications/4F013AE7-99A2-407B-9520-9835D48B662C/HelloCordova.app/www/index.html#/tab/home
2014-05-22 20:52:58.949 HelloCordova[16603:70b] THREAD WARNING: ['Device'] took '526.102051' ms. Plugin should use a background thread.
objc[44252]: Class AXEmojiUtilities is implemented in both /Applications/Xcode.app/Contents/Developer/Platforms/iPhoneSimulator.platform/Developer/SDKs/iPhoneSimulator7.1.sdk/System/Library/PrivateFrameworks/AccessibilityUtilities.framework/AccessibilityUtilities and /Applications/Xcode.app/Contents/Developer/Platforms/iPhoneSimulator.platform/Developer/SDKs/iPhoneSimulator7.1.sdk/usr/lib/libAXSpeechManager.dylib. One of the two will be used. Which one is undefined.
2014-05-24 05:43:27.127 HelloCordova[44252:70b] Cannot find executable for CFBundle 0xa46cf80 </Applications/Xcode.app/Contents/Developer/Platforms/iPhoneSimulator.platform/Developer/SDKs/iPhoneSimulator7.1.sdk/System/Library/AccessibilityBundles/GeoServices.axbundle> (not loaded)
2014-05-24 05:43:27.135 HelloCordova[44252:70b] Cannot find executable for CFBundle 0xa361890 </Applications/Xcode.app/Contents/Developer/Platforms/iPhoneSimulator.platform/Developer/SDKs/iPhoneSimulator7.1.sdk/System/Library/AccessibilityBundles/CertUIFramework.axbundle> (not loaded)
2014-05-24 05:43:27.161 HelloCordova[44252:70b] Cannot find executable for CFBundle 0xa536bd0 </Applications/Xcode.app/Contents/Developer/Platforms/iPhoneSimulator.platform/Developer/SDKs/iPhoneSimulator7.1.sdk/System/Library/AccessibilityBundles/SocialFramework.axbundle> (not loaded)
2014-05-24 05:43:27.461 HelloCordova[44252:70b] Multi-tasking -> Device: YES, App: YES
2014-05-24 05:43:27.608 HelloCordova[44252:70b] Unlimited access to network resources
2014-05-24 05:43:32.454 HelloCordova[44252:70b] CDVPlugin class CDVStatusBar (pluginName: statusbar) does not exist.
2014-05-24 05:43:32.454 HelloCordova[44252:70b] [CDVTimer][statusbar] 0.536025ms
2014-05-24 05:43:32.455 HelloCordova[44252:70b] [CDVTimer][keyboard] 0.126004ms
2014-05-24 05:43:32.455 HelloCordova[44252:70b] [CDVTimer][TotalPluginStartup] 1.609027ms
2014-05-24 05:43:34.336 HelloCordova[44252:70b] Resetting plugins due to page load.
2014-05-24 05:43:37.581 HelloCordova[44252:70b] Finished load of: file:///Users/arifulhaque/Library/Application%20Support/iPhone%20Simulator/7.1/Applications/4F013AE7-99A2-407B-9520-9835D48B662C/HelloCordova.app/www/index.html#/tab/home
objc[61377]: Class AXEmojiUtilities is implemented in both /Applications/Xcode.app/Contents/Developer/Platforms/iPhoneSimulator.platform/Developer/SDKs/iPhoneSimulator7.1.sdk/System/Library/PrivateFrameworks/AccessibilityUtilities.framework/AccessibilityUtilities and /Applications/Xcode.app/Contents/Developer/Platforms/iPhoneSimulator.platform/Developer/SDKs/iPhoneSimulator7.1.sdk/usr/lib/libAXSpeechManager.dylib. One of the two will be used. Which one is undefined.
2014-05-24 15:13:37.824 HelloCordova[61377:70b] Cannot find executable for CFBundle 0xa469970 </Applications/Xcode.app/Contents/Developer/Platforms/iPhoneSimulator.platform/Developer/SDKs/iPhoneSimulator7.1.sdk/System/Library/AccessibilityBundles/GeoServices.axbundle> (not loaded)
2014-05-24 15:13:37.831 HelloCordova[61377:70b] Cannot find executable for CFBundle 0xa3a5b90 </Applications/Xcode.app/Contents/Developer/Platforms/iPhoneSimulator.platform/Developer/SDKs/iPhoneSimulator7.1.sdk/System/Library/AccessibilityBundles/CertUIFramework.axbundle> (not loaded)
2014-05-24 15:13:37.865 HelloCordova[61377:70b] Cannot find executable for CFBundle 0xa3a5c80 </Applications/Xcode.app/Contents/Developer/Platforms/iPhoneSimulator.platform/Developer/SDKs/iPhoneSimulator7.1.sdk/System/Library/AccessibilityBundles/SocialFramework.axbundle> (not loaded)
2014-05-24 15:13:38.347 HelloCordova[61377:70b] Multi-tasking -> Device: YES, App: YES
2014-05-24 15:13:38.754 HelloCordova[61377:70b] Unlimited access to network resources
2014-05-24 15:13:44.909 HelloCordova[61377:70b] CDVPlugin class CDVStatusBar (pluginName: statusbar) does not exist.
2014-05-24 15:13:44.909 HelloCordova[61377:70b] [CDVTimer][statusbar] 0.681996ms
2014-05-24 15:13:44.910 HelloCordova[61377:70b] [CDVTimer][keyboard] 0.177026ms
2014-05-24 15:13:44.911 HelloCordova[61377:70b] [CDVTimer][TotalPluginStartup] 2.005994ms
2014-05-24 15:13:48.782 HelloCordova[61377:70b] Resetting plugins due to page load.
2014-05-24 15:13:57.706 HelloCordova[61377:70b] Finished load of: file:///Users/arifulhaque/Library/Application%20Support/iPhone%20Simulator/7.1/Applications/4F013AE7-99A2-407B-9520-9835D48B662C/HelloCordova.app/www/index.html#/tab/home
2014-05-24 15:13:58.491 HelloCordova[61377:70b] THREAD WARNING: ['Device'] took '47.863037' ms. Plugin should use a background thread.
objc[4613]: Class AXEmojiUtilities is implemented in both /Applications/Xcode.app/Contents/Developer/Platforms/iPhoneSimulator.platform/Developer/SDKs/iPhoneSimulator7.1.sdk/System/Library/PrivateFrameworks/AccessibilityUtilities.framework/AccessibilityUtilities and /Applications/Xcode.app/Contents/Developer/Platforms/iPhoneSimulator.platform/Developer/SDKs/iPhoneSimulator7.1.sdk/usr/lib/libAXSpeechManager.dylib. One of the two will be used. Which one is undefined.
2014-05-25 21:41:35.963 HelloCordova[4613:70b] Cannot find executable for CFBundle 0xa364c80 </Applications/Xcode.app/Contents/Developer/Platforms/iPhoneSimulator.platform/Developer/SDKs/iPhoneSimulator7.1.sdk/System/Library/AccessibilityBundles/SocialFramework.axbundle> (not loaded)
2014-05-25 21:41:35.968 HelloCordova[4613:70b] Cannot find executable for CFBundle 0xa6af640 </Applications/Xcode.app/Contents/Developer/Platforms/iPhoneSimulator.platform/Developer/SDKs/iPhoneSimulator7.1.sdk/System/Library/AccessibilityBundles/CertUIFramework.axbundle> (not loaded)
2014-05-25 21:41:35.972 HelloCordova[4613:70b] Cannot find executable for CFBundle 0xa569800 </Applications/Xcode.app/Contents/Developer/Platforms/iPhoneSimulator.platform/Developer/SDKs/iPhoneSimulator7.1.sdk/System/Library/AccessibilityBundles/GeoServices.axbundle> (not loaded)
2014-05-25 21:41:36.044 HelloCordova[4613:70b] Multi-tasking -> Device: YES, App: YES
2014-05-25 21:41:36.101 HelloCordova[4613:70b] Unlimited access to network resources
2014-05-25 21:41:38.164 HelloCordova[4613:70b] [CDVTimer][splashscreen] 366.635025ms
2014-05-25 21:41:38.165 HelloCordova[4613:70b] CDVPlugin class CDVStatusBar (pluginName: statusbar) does not exist.
2014-05-25 21:41:38.165 HelloCordova[4613:70b] [CDVTimer][statusbar] 0.432968ms
2014-05-25 21:41:38.166 HelloCordova[4613:70b] [CDVTimer][keyboard] 0.116050ms
2014-05-25 21:41:38.166 HelloCordova[4613:70b] [CDVTimer][TotalPluginStartup] 368.636966ms
2014-05-25 21:41:38.287 HelloCordova[4613:70b] Resetting plugins due to page load.
2014-05-25 21:41:39.135 HelloCordova[4613:70b] Finished load of: file:///Users/arifulhaque/Library/Application%20Support/iPhone%20Simulator/7.1/Applications/4F013AE7-99A2-407B-9520-9835D48B662C/HelloCordova.app/www/index.html#/tab/home
objc[5548]: Class AXEmojiUtilities is implemented in both /Applications/Xcode.app/Contents/Developer/Platforms/iPhoneSimulator.platform/Developer/SDKs/iPhoneSimulator7.1.sdk/System/Library/PrivateFrameworks/AccessibilityUtilities.framework/AccessibilityUtilities and /Applications/Xcode.app/Contents/Developer/Platforms/iPhoneSimulator.platform/Developer/SDKs/iPhoneSimulator7.1.sdk/usr/lib/libAXSpeechManager.dylib. One of the two will be used. Which one is undefined.
2014-05-25 22:17:42.731 HelloCordova[5548:70b] Cannot find executable for CFBundle 0xa47a610 </Applications/Xcode.app/Contents/Developer/Platforms/iPhoneSimulator.platform/Developer/SDKs/iPhoneSimulator7.1.sdk/System/Library/AccessibilityBundles/SocialFramework.axbundle> (not loaded)
2014-05-25 22:17:42.736 HelloCordova[5548:70b] Cannot find executable for CFBundle 0xa772950 </Applications/Xcode.app/Contents/Developer/Platforms/iPhoneSimulator.platform/Developer/SDKs/iPhoneSimulator7.1.sdk/System/Library/AccessibilityBundles/GeoServices.axbundle> (not loaded)
2014-05-25 22:17:42.740 HelloCordova[5548:70b] Cannot find executable for CFBundle 0xa5cbc30 </Applications/Xcode.app/Contents/Developer/Platforms/iPhoneSimulator.platform/Developer/SDKs/iPhoneSimulator7.1.sdk/System/Library/AccessibilityBundles/CertUIFramework.axbundle> (not loaded)
2014-05-25 22:17:42.805 HelloCordova[5548:70b] Multi-tasking -> Device: YES, App: YES
2014-05-25 22:17:42.812 HelloCordova[5548:70b] Unlimited access to network resources
2014-05-25 22:17:42.957 HelloCordova[5548:70b] [CDVTimer][splashscreen] 66.932976ms
2014-05-25 22:17:42.958 HelloCordova[5548:70b] CDVPlugin class CDVStatusBar (pluginName: statusbar) does not exist.
2014-05-25 22:17:42.959 HelloCordova[5548:70b] [CDVTimer][statusbar] 0.741959ms
2014-05-25 22:17:42.960 HelloCordova[5548:70b] [CDVTimer][keyboard] 0.122011ms
2014-05-25 22:17:42.960 HelloCordova[5548:70b] [CDVTimer][TotalPluginStartup] 69.896996ms
2014-05-25 22:17:43.103 HelloCordova[5548:70b] Resetting plugins due to page load.
2014-05-25 22:17:43.492 HelloCordova[5548:70b] Finished load of: file:///Users/arifulhaque/Library/Application%20Support/iPhone%20Simulator/7.1/Applications/4F013AE7-99A2-407B-9520-9835D48B662C/HelloCordova.app/www/index.html#/tab/home
objc[43860]: Class AXEmojiUtilities is implemented in both /Applications/Xcode.app/Contents/Developer/Platforms/iPhoneSimulator.platform/Developer/SDKs/iPhoneSimulator7.1.sdk/System/Library/PrivateFrameworks/AccessibilityUtilities.framework/AccessibilityUtilities and /Applications/Xcode.app/Contents/Developer/Platforms/iPhoneSimulator.platform/Developer/SDKs/iPhoneSimulator7.1.sdk/usr/lib/libAXSpeechManager.dylib. One of the two will be used. Which one is undefined.
2014-05-27 00:27:19.028 HelloCordova[43860:70b] Cannot find executable for CFBundle 0xa465ab0 </Applications/Xcode.app/Contents/Developer/Platforms/iPhoneSimulator.platform/Developer/SDKs/iPhoneSimulator7.1.sdk/System/Library/AccessibilityBundles/SocialFramework.axbundle> (not loaded)
2014-05-27 00:27:19.032 HelloCordova[43860:70b] Cannot find executable for CFBundle 0xa6c23b0 </Applications/Xcode.app/Contents/Developer/Platforms/iPhoneSimulator.platform/Developer/SDKs/iPhoneSimulator7.1.sdk/System/Library/AccessibilityBundles/GeoServices.axbundle> (not loaded)
2014-05-27 00:27:19.037 HelloCordova[43860:70b] Cannot find executable for CFBundle 0xa39af30 </Applications/Xcode.app/Contents/Developer/Platforms/iPhoneSimulator.platform/Developer/SDKs/iPhoneSimulator7.1.sdk/System/Library/AccessibilityBundles/CertUIFramework.axbundle> (not loaded)
2014-05-27 00:27:19.794 HelloCordova[43860:70b] Multi-tasking -> Device: YES, App: YES
2014-05-27 00:27:19.953 HelloCordova[43860:70b] Unlimited access to network resources
2014-05-27 00:27:26.517 HelloCordova[43860:70b] [CDVTimer][splashscreen] 1084.996998ms
2014-05-27 00:27:26.518 HelloCordova[43860:70b] CDVPlugin class CDVStatusBar (pluginName: statusbar) does not exist.
2014-05-27 00:27:26.518 HelloCordova[43860:70b] [CDVTimer][statusbar] 0.567019ms
2014-05-27 00:27:26.519 HelloCordova[43860:70b] [CDVTimer][keyboard] 0.142992ms
2014-05-27 00:27:26.519 HelloCordova[43860:70b] [CDVTimer][TotalPluginStartup] 1087.508976ms
2014-05-27 00:27:27.284 HelloCordova[43860:70b] Resetting plugins due to page load.
2014-05-27 00:27:30.513 HelloCordova[43860:70b] Finished load of: file:///Users/arifulhaque/Library/Application%20Support/iPhone%20Simulator/7.1/Applications/4F013AE7-99A2-407B-9520-9835D48B662C/HelloCordova.app/www/index.html#/tab/home
